<?xml version="1.0" encoding="UTF-8"?>
<!-- Generated by org.testng.reporters.JUnitReportReporter -->
<testsuite skipped="0" hostname="Inspiron" name="com.worpress.testcases.VerifyLogin" tests="1" failures="0" timestamp="12 Jan 2019 07:12:40 GMT" time="71.911" errors="0">
  <testcase name="verifyLoginPage" time="71.911" classname="com.worpress.testcases.VerifyLogin"/>
</testsuite> <!-- com.worpress.testcases.VerifyLogin -->
