<?xml version="1.0" encoding="UTF-8"?>
<!-- Generated by org.testng.reporters.JUnitReportReporter -->
<testsuite skipped="0" hostname="Inspiron" name="com.worpress.testcases.VerifyNewLogin" tests="1" failures="0" timestamp="12 Jan 2019 11:43:22 GMT" time="33.545" errors="0">
  <testcase name="test" time="33.545" classname="com.worpress.testcases.VerifyNewLogin"/>
</testsuite> <!-- com.worpress.testcases.VerifyNewLogin -->
